[2015-09-16 09:33] [PACMAN] Running 'pacman -Syu --root /tmp/newmsys/msys64'
[2015-09-16 09:33] [PACMAN] synchronizing package lists
[2015-09-16 09:33] [PACMAN] starting full system upgrade
[2015-09-16 09:33] [PACMAN] Running 'pacman -S --noconfirm --root /tmp/newmsys/msys64 base'
[2015-09-16 09:34] [ALPM] transaction started
[2015-09-16 09:34] [ALPM] installed msys2-runtime (2.2.1.16655.6ecd782-2)
[2015-09-16 09:34] [ALPM] installed bash (4.3.042-1)
[2015-09-16 09:34] [ALPM] installed bash-completion (2.1-6)
[2015-09-16 09:34] [ALPM] installed gcc-libs (4.9.2-5)
[2015-09-16 09:34] [ALPM] installed libbz2 (1.0.6-2)
[2015-09-16 09:34] [ALPM] installed libiconv (1.14-2)
[2015-09-16 09:34] [ALPM] installed libintl (0.19.6-1)
[2015-09-16 09:34] [ALPM] installed libgettextpo (0.19.6-1)
[2015-09-16 09:34] [ALPM] installed libasprintf (0.19.6-1)
[2015-09-16 09:34] [ALPM] installed gettext (0.19.6-1)
[2015-09-16 09:34] [ALPM] installed liblzma (5.2.1-1)
[2015-09-16 09:34] [ALPM] installed liblzo2 (2.09-1)
[2015-09-16 09:34] [ALPM] installed gmp (6.0.0-3)
[2015-09-16 09:34] [ALPM] installed libnettle (3.1.1-1)
[2015-09-16 09:34] [ALPM] installed coreutils (8.24-1)
[2015-09-16 09:34] [ALPM] installed ncurses (6.0.20150627-2)
[2015-09-16 09:34] [ALPM] installed libreadline (6.3.008-5)
[2015-09-16 09:34] [ALPM] installed zlib (1.2.8-3)
[2015-09-16 09:34] [ALPM] installed libxml2 (2.9.2-2)
[2015-09-16 09:34] [ALPM] installed bsdcpio (3.1.2-5)
[2015-09-16 09:34] [ALPM] installed bsdtar (3.1.2-5)
[2015-09-16 09:34] [ALPM] installed bzip2 (1.0.6-2)
[2015-09-16 09:34] [ALPM] installed libcatgets (1.1-2)
[2015-09-16 09:34] [ALPM] installed catgets (1.1-2)
[2015-09-16 09:34] [ALPM] installed libcrypt (1.1-6)
[2015-09-16 09:34] [ALPM] installed crypt (1.1-6)
[2015-09-16 09:34] [ALPM] installed libopenssl (1.0.2.d-1)
[2015-09-16 09:34] [ALPM] installed openssl (1.0.2.d-1)
[2015-09-16 09:34] [ALPM] installed findutils (4.5.14-4)
[2015-09-16 09:34] [ALPM] installed sed (4.2.2-2)
[2015-09-16 09:34] [ALPM] installed libffi (3.2.1-1)
[2015-09-16 09:34] [ALPM] installed libpcre (8.37-1)
[2015-09-16 09:34] [ALPM] installed less (481-1)
[2015-09-16 09:34] [ALPM] installed gzip (1.6-1)
[2015-09-16 09:34] [ALPM] installed info (6.0-1)
[2015-09-16 09:34] [ALPM] installed libtasn1 (4.7-1)
[2015-09-16 09:34] [ALPM] installed libp11-kit (0.23.1-1)
[2015-09-16 09:34] [ALPM] installed p11-kit (0.23.1-1)
[2015-09-16 09:34] [ALPM] installed ca-certificates (20150426-1)
[2015-09-16 09:34] [ALPM] installed libidn (1.32-1)
[2015-09-16 09:34] [ALPM] installed libexpat (2.1.0-2)
[2015-09-16 09:34] [ALPM] installed libmetalink (0.1.2-2)
[2015-09-16 09:34] [ALPM] installed libssh2 (1.6.0-1)
[2015-09-16 09:34] [ALPM] installed libcurl (7.44.0-1)
[2015-09-16 09:34] [ALPM] installed curl (7.44.0-1)
[2015-09-16 09:34] [ALPM] installed filesystem (2015.04-3)
[2015-09-16 09:34] [ALPM] installed grep (2.21-1)
[2015-09-16 09:34] [ALPM] installed dash (0.5.8-1)
[2015-09-16 09:34] [ALPM] installed file (5.24-1)
[2015-09-16 09:34] [ALPM] installed m4 (1.4.17-4)
[2015-09-16 09:34] [ALPM] installed flex (2.5.39-4)
[2015-09-16 09:34] [ALPM] installed mpfr (3.1.3.p0-1)
[2015-09-16 09:34] [ALPM] installed gawk (4.1.3-1)
[2015-09-16 09:34] [ALPM] installed tftp-hpa (5.2-1)
[2015-09-16 09:34] [ALPM] installed inetutils (1.9.2-1)
[2015-09-16 09:34] [ALPM] installed lndir (1.0.3-1)
[2015-09-16 09:34] [ALPM] installed mintty (1~2.1.5-1)
[2015-09-16 09:34] [ALPM] installed msys2-keyring (r9.397a52e-1)
[2015-09-16 09:34] [ALPM] installed gnupg (1.4.19-1)
[2015-09-16 09:34] [ALPM] installed pacman-mirrors (20150722-2)
[2015-09-16 09:34] [ALPM] installed which (2.21-2)
[2015-09-16 09:34] [ALPM] installed xz (5.2.1-1)
[2015-09-16 09:34] [ALPM] installed pacman (4.2.1.6198.439d376-1)
[2015-09-16 09:34] [ALPM] installed pax-git (20140703.2.1.g469552a-1)
[2015-09-16 09:34] [ALPM] installed libarchive (3.1.2-5)
[2015-09-16 09:34] [ALPM] installed libpcre16 (8.37-1)
[2015-09-16 09:34] [ALPM] installed libpcre32 (8.37-1)
[2015-09-16 09:34] [ALPM] installed libpcrecpp (8.37-1)
[2015-09-16 09:34] [ALPM] installed libpcreposix (8.37-1)
[2015-09-16 09:34] [ALPM] installed pcre (8.37-1)
[2015-09-16 09:34] [ALPM] installed pkgfile (15-1)
[2015-09-16 09:34] [ALPM-SCRIPTLET] ==> Run 'pkgfile --update' to initialize the database
[2015-09-16 09:34] [ALPM] installed rebase (4.4.1-6)
[2015-09-16 09:34] [ALPM] installed repman-git (r23.87bf865-1)
[2015-09-16 09:34] [ALPM] installed time (1.7-1)
[2015-09-16 09:34] [ALPM] installed tzcode (2015.e-1)
[2015-09-16 09:34] [ALPM] installed libutil-linux (2.26.2-1)
[2015-09-16 09:34] [ALPM] installed util-linux (2.26.2-1)
[2015-09-16 09:34] [ALPM] transaction completed
[2016-10-28 01:35] [PACMAN] Running 'pacman -S make'
[2016-10-28 01:35] [ALPM] transaction started
[2016-10-28 01:35] [ALPM] installed make (4.1-4)
[2016-10-28 01:35] [ALPM] transaction completed
